State replayed through 2026-06-01 — 284 teams known

=== GROUP STAGE ===
  Group A: Mexico(4.5), South Korea(4.0), Czech Republic(3.8), South Africa(3.5)
  Group B: Canada(4.4), Switzerland(4.1), Qatar(4.0), Bosnia and Herzegovina(3.5)
  Group C: Brazil(4.3), Morocco(4.0), Haiti(3.7), Scotland(3.7)
  Group D: Turkey(4.2), United States(4.0), Paraguay(3.7), Australia(3.7)
  Group E: Germany(4.3), Ivory Coast(4.0), Curaçao(3.9), Ecuador(3.8)
  Group F: Netherlands(4.7), Tunisia(4.0), Japan(3.7), Sweden(3.6)
  Group G: Belgium(4.6), Iran(4.1), Egypt(3.8), New Zealand(3.4)
  Group H: Spain(4.2), Saudi Arabia(4.1), Uruguay(4.0), Cape Verde(3.8)
  Group I: France(4.3), Norway(4.0), Senegal(3.8), Iraq(3.7)
  Group J: Algeria(4.3), Argentina(4.1), Austria(4.1), Jordan(3.6)
  Group K: Portugal(4.5), DR Congo(4.0), Colombia(3.8), Uzbekistan(3.6)
  Group L: Croatia(4.6), England(4.4), Panama(3.7), Ghana(3.6)

Best 8 third-place teams advancing:
  Group J 3rd: Austria
  Group B 3rd: Qatar
  Group H 3rd: Uruguay
  Group E 3rd: Curaçao
  Group I 3rd: Senegal
  Group K 3rd: Colombia
  Group A 3rd: Czech Republic
  Group G 3rd: Egypt

=== ROUND OF 32 ===
  M73: South Korea vs Switzerland
  M74: Germany vs Qatar
  M75: Netherlands vs Morocco
  M76: Brazil vs Tunisia
  M77: France vs Uruguay
  M78: Ivory Coast vs Norway
  M79: Mexico vs Curaçao
  M80: Croatia vs Colombia
  M81: Turkey vs Austria
  M82: Belgium vs Czech Republic
  M83: DR Congo vs England
  M84: Spain vs Argentina
  M85: Canada vs Egypt
  M86: Algeria vs Saudi Arabia
  M87: Portugal vs Senegal
  M88: United States vs Iran
  → winners: ['Switzerland', 'Germany', 'Netherlands', 'Brazil', 'France', 'Norway', 'Mexico', 'Croatia', 'Turkey', 'Belgium', 'England', 'Spain', 'Egypt', 'Algeria', 'Portugal', 'United States']

=== Round of 16 ===
  M89: Germany vs France
  M90: Switzerland vs Netherlands
  M91: Brazil vs Norway
  M92: Mexico vs Croatia
  M93: England vs Spain
  M94: Turkey vs Belgium
  M95: Algeria vs United States
  M96: Egypt vs Portugal
  → winners: ['France', 'Netherlands', 'Brazil', 'Croatia', 'England', 'Belgium', 'Algeria', 'Portugal']

=== Quarter-finals ===
  M97: France vs Netherlands
  M98: England vs Belgium
  M99: Brazil vs Croatia
  M100: Algeria vs Portugal
  → winners: ['France', 'England', 'Croatia', 'Algeria']

=== Semi-finals ===
  M101: France vs England
  M102: Croatia vs Algeria
  → winners: ['England', 'Croatia']

=== Final ===
  M104: England vs Croatia
  → winners: ['England']

*** PREDICTED CHAMPION: England ***
Saved JSON → outputs/prediction_qsvm.json
Saved bracket → /Users/sheelshah/Downloads/World Cup/outputs/bracket_qsvm.png
