State replayed through 2026-06-01 — 284 teams known

=== GROUP STAGE ===
  Group A: Croatia(4.2), Morocco(4.0), Canada(3.9), Mexico(3.7)
  Group B: United States(4.3), Iran(3.9), Uzbekistan(3.8), Wales(3.6)
  Group C: Norway(4.2), Tunisia(4.1), Saudi Arabia(3.7), Argentina(3.7)
  Group D: France(4.3), Japan(4.1), Senegal(4.0), Ecuador(3.7)
  Group E: England(4.3), Egypt(3.9), Switzerland(3.8), Paraguay(3.6)
  Group F: Belgium(4.4), Brazil(4.3), South Korea(4.0), Cape Verde(3.5)
  Group G: Netherlands(4.6), Spain(4.2), Australia(3.8), Jordan(3.6)
  Group H: Portugal(4.7), Colombia(4.0), Uruguay(3.9), Panama(3.5)
  Group I: Germany(4.4), Algeria(4.2), Denmark(4.1), New Zealand(3.3)
  Group J: Italy(5.0), Curacao(4.9), Ghana(3.2), Sweden(3.2)
  Group K: Czech Republic(4.5), Ivory Coast(4.2), Qatar(3.8), Poland(3.5)
  Group L: Turkey(4.3), Austria(4.1), Nigeria(3.8), Haiti(3.6)

Qualified: 32 teams advance to round of 32

Bracket seeding: ['Croatia', 'Qatar', 'United States', 'Australia', 'Norway', 'Switzerland', 'France', 'Canada'] ...

=== Round of 32 (32 teams) ===
  Croatia vs Qatar
  United States vs Australia
  Norway vs Switzerland
  France vs Canada
  England vs Uruguay
  Belgium vs South Korea
  Netherlands vs Senegal
  Portugal vs Denmark
  Germany vs Austria
  Italy vs Ivory Coast
  Czech Republic vs Curacao
  Turkey vs Algeria
  Morocco vs Colombia
  Iran vs Spain
  Tunisia vs Brazil
  Japan vs Egypt
  → winners: ['Croatia', 'United States', 'Norway', 'France', 'England', 'Belgium', 'Netherlands', 'Denmark', 'Germany', 'Ivory Coast', 'Czech Republic', 'Algeria', 'Morocco', 'Spain', 'Brazil', 'Japan']

=== Round of 16 (16 teams) ===
  Croatia vs United States
  Norway vs France
  England vs Belgium
  Netherlands vs Denmark
  Germany vs Ivory Coast
  Czech Republic vs Algeria
  Morocco vs Spain
  Brazil vs Japan
  → winners: ['Croatia', 'France', 'England', 'Denmark', 'Germany', 'Czech Republic', 'Morocco', 'Brazil']

=== Quarter-finals (8 teams) ===
  Croatia vs France
  England vs Denmark
  Germany vs Czech Republic
  Morocco vs Brazil
  → winners: ['France', 'England', 'Germany', 'Morocco']

=== Semi-finals (4 teams) ===
  France vs England
  Germany vs Morocco
  → winners: ['England', 'Germany']

=== Final (2 teams) ===
  England vs Germany
  → winners: ['Germany']

*** PREDICTED CHAMPION: Germany ***
Saved JSON → outputs/prediction_qsvm.json
Saved bracket plot → /Users/sheelshah/Downloads/World Cup/outputs/bracket.png
